{"/home/andrey/git/react-simple-task/src/utils/helper.ts": {"path":"/home/andrey/git/react-simple-task/src/utils/helper.ts","statementMap":{"0":{"start":{"line":1,"column":31},"end":{"line":2,"column":8}},"1":{"start":{"line":2,"column":2},"end":{"line":4,"column":15}},"2":{"start":{"line":3,"column":52},"end":{"line":3,"column":111}},"3":{"start":{"line":1,"column":13},"end":{"line":1,"column":31}}},"fnMap":{"0":{"name":"(anonymous_0)","decl":{"start":{"line":1,"column":31},"end":{"line":1,"column":32}},"loc":{"start":{"line":1,"column":74},"end":{"line":2,"column":8}}},"1":{"name":"(anonymous_1)","decl":{"start":{"line":3,"column":12},"end":{"line":3,"column":13}},"loc":{"start":{"line":3,"column":47},"end":{"line":3,"column":53}}}},"branchMap":{"0":{"loc":{"start":{"line":3,"column":53},"end":{"line":3,"column":108}},"type":"cond-expr","locations":[{"start":{"line":3,"column":71},"end":{"line":3,"column":94}},{"start":{"line":3,"column":97},"end":{"line":3,"column":108}}]}},"s":{"0":1,"1":3,"2":6,"3":1},"f":{"0":3,"1":6},"b":{"0":[3,3]}}
}
